<?xml version="1.0" encoding="utf-8" ?>
<test-results name="Jasmine Results" total="172" failures="0" not-run="0" date="2022-11-12" time="21:44:10">
 <test-suite name="Testing comment endpoints" executed="true" success="true" time="0.207">
  <results>
   <test-case name="try to create comment without jwt in the header" executed="true" success="true" time="0.037">
   </test-case>
   <test-case name="try to create comment without text of the comment" executed="true" success="true" time="0.041">
   </test-case>
   <test-case name="try to create comment without parent id of the comment" executed="true" success="true" time="0.011">
   </test-case>
   <test-case name="try to create comment without parent type" executed="true" success="true" time="0.01">
   </test-case>
   <test-case name="try to create comment without the level of the comment" executed="true" success="true" time="0.011">
   </test-case>
   <test-case name="try to create comment with valid parameters" executed="true" success="true" time="0.035">
   </test-case>
  </results>
 </test-suite>
 <test-suite name="Testing Generating random usernames" executed="true" success="true" time="0.02">
  <results>
   <test-case name="Generate random username" executed="true" success="true" time="0.019">
   </test-case>
  </results>
 </test-suite>
 <test-suite name="Testing post, comment, and message actions endpoints" executed="true" success="true" time="0.366">
  <results>
   <test-case name="try to edit a post without jwt in the header" executed="true" success="true" time="0.008">
   </test-case>
   <test-case name="try to edit a comment without jwt in the header" executed="true" success="true" time="0.011">
   </test-case>
   <test-case name="try to edit a post of other user" executed="true" success="true" time="0.012">
   </test-case>
   <test-case name="try to edit a comment of other user" executed="true" success="true" time="0.01">
   </test-case>
   <test-case name="try to edit a post that have no text" executed="true" success="true" time="0.011">
   </test-case>
   <test-case name="try to edit a post with invalid id" executed="true" success="true" time="0.008">
   </test-case>
   <test-case name="try to edit a comment with invalid id" executed="true" success="true" time="0.007">
   </test-case>
   <test-case name="try to edit a post without id in body" executed="true" success="true" time="0.007">
   </test-case>
   <test-case name="try to edit a comment without id in body" executed="true" success="true" time="0.007">
   </test-case>
   <test-case name="try to edit a post without type in body" executed="true" success="true" time="0.008">
   </test-case>
   <test-case name="try to edit a comment without type in body" executed="true" success="true" time="0.007">
   </test-case>
   <test-case name="try to edit a post with invalid type" executed="true" success="true" time="0.007">
   </test-case>
   <test-case name="try to edit a comment with invalid type" executed="true" success="true" time="0.009">
   </test-case>
   <test-case name="try to edit a post without text in body" executed="true" success="true" time="0.005">
   </test-case>
   <test-case name="try to edit a comment without text in body" executed="true" success="true" time="0.007">
   </test-case>
   <test-case name="try to edit a post with all valid parameters" executed="true" success="true" time="0.014">
   </test-case>
   <test-case name="try to edit a comment with all valid parameters" executed="true" success="true" time="0.012">
   </test-case>
   <test-case name="try to delete a post without jwt in the header" executed="true" success="true" time="0.007">
   </test-case>
   <test-case name="try to delete a comment without jwt in the header" executed="true" success="true" time="0.007">
   </test-case>
   <test-case name="try to delete a comment with different user" executed="true" success="true" time="0.013">
   </test-case>
   <test-case name="try to delete a post with different user" executed="true" success="true" time="0.013">
   </test-case>
   <test-case name="try to delete a post without id in the body" executed="true" success="true" time="0.006">
   </test-case>
   <test-case name="try to delete a post without type in the body" executed="true" success="true" time="0.008">
   </test-case>
   <test-case name="try to delete a post with invalid value of the type" executed="true" success="true" time="0.006">
   </test-case>
   <test-case name="try to delete a comment without id in the body" executed="true" success="true" time="0.009">
   </test-case>
   <test-case name="try to delete a comment without type in the body" executed="true" success="true" time="0.006">
   </test-case>
   <test-case name="try to delete a comment with invalid value of the type" executed="true" success="true" time="0.008">
   </test-case>
   <test-case name="try to delete a post with wrong id" executed="true" success="true" time="0.008">
   </test-case>
   <test-case name="try to delete a comment with wrong id" executed="true" success="true" time="0.016">
   </test-case>
   <test-case name="try to delete a post with all valid parameters" executed="true" success="true" time="0.015">
   </test-case>
   <test-case name="try to delete a comment with all valid parameters" executed="true" success="true" time="0.016">
   </test-case>
   <test-case name="try to delete the same post again" executed="true" success="true" time="0.014">
   </test-case>
   <test-case name="try to delete the same comment again" executed="true" success="true" time="0.011">
   </test-case>
  </results>
 </test-suite>
 <test-suite name="Testing login endpoints" executed="true" success="true" time="1.692">
  <results>
   <test-case name="try to send forget-username email to email dosn&apos;t exist" executed="true" success="true" time="0.022">
   </test-case>
   <test-case name="try to send forget email to a valid email" executed="true" success="true" time="0.036">
   </test-case>
   <test-case name="Try to login with correct credentials" executed="true" success="true" time="0.332">
   </test-case>
   <test-case name="Try to login with invalid password" executed="true" success="true" time="0.153">
   </test-case>
   <test-case name="Try to login with a short password" executed="true" success="true" time="0.007">
   </test-case>
   <test-case name="Try to login with a not-found username" executed="true" success="true" time="0.009">
   </test-case>
   <test-case name="Try to send a forget password email to a not-found email" executed="true" success="true" time="0.01">
   </test-case>
   <test-case name="Try to send a forget password email to an invalid username" executed="true" success="true" time="0.008">
   </test-case>
   <test-case name="Try to send a forget password email to the correct user" executed="true" success="true" time="0.026">
   </test-case>
   <test-case name="Try to reset password with correct id but invalid token" executed="true" success="true" time="0.174">
   </test-case>
   <test-case name="Try to reset password with invalid id but correct token" executed="true" success="true" time="0.153">
   </test-case>
   <test-case name="Try to reset password with non-matching passwords" executed="true" success="true" time="0.224">
   </test-case>
   <test-case name="Try to reset password with an expired token" executed="true" success="true" time="0.2">
   </test-case>
   <test-case name="Try to reset password with the correct id and token" executed="true" success="true" time="0.324">
   </test-case>
  </results>
 </test-suite>
 <test-suite name="Testing post actions endpoints" executed="true" success="true" time="0.225">
  <results>
   <test-case name="try to mark a post as spoiler without jwt in the header" executed="true" success="true" time="0.008">
   </test-case>
   <test-case name="try to mark a post as nsfw without jwt in the header" executed="true" success="true" time="0.01">
   </test-case>
   <test-case name="try to unmark a post as spoiler without jwt in the header" executed="true" success="true" time="0.007">
   </test-case>
   <test-case name="try to unmark a post as nsfw without jwt in the header" executed="true" success="true" time="0.008">
   </test-case>
   <test-case name="try to mark a post as spoiler without id in the body" executed="true" success="true" time="0.009">
   </test-case>
   <test-case name="try to mark a post as nsfw without id in the body" executed="true" success="true" time="0.007">
   </test-case>
   <test-case name="try to unmark a post as spoiler without id in the body" executed="true" success="true" time="0.005">
   </test-case>
   <test-case name="try to unmark a post as nsfw without id in the body" executed="true" success="true" time="0.008">
   </test-case>
   <test-case name="try to mark a post of other user as spoiler" executed="true" success="true" time="0.008">
   </test-case>
   <test-case name="try to mark a post of other user as nsfw" executed="true" success="true" time="0.011">
   </test-case>
   <test-case name="try to unmark a post of other user as spoiler" executed="true" success="true" time="0.008">
   </test-case>
   <test-case name="try to unmark a post of other user as nsfw" executed="true" success="true" time="0.009">
   </test-case>
   <test-case name="try to mark a post as spoiler with invalid id" executed="true" success="true" time="0.008">
   </test-case>
   <test-case name="try to mark a post as nsfw with invalid id" executed="true" success="true" time="0.006">
   </test-case>
   <test-case name="try to mark a post as spoiler with all valid parameters" executed="true" success="true" time="0.014">
   </test-case>
   <test-case name="try to mark a post as nsfw with all valid parameters" executed="true" success="true" time="0.011">
   </test-case>
   <test-case name="try to mark the same post as spoiler again" executed="true" success="true" time="0.008">
   </test-case>
   <test-case name="try to mark the same post as nsfw again" executed="true" success="true" time="0.008">
   </test-case>
   <test-case name="try to unmark a post as spoiler with invalid id" executed="true" success="true" time="0.005">
   </test-case>
   <test-case name="try to unmark a post as nsfw with invalid id" executed="true" success="true" time="0.005">
   </test-case>
   <test-case name="try to unmark a post as spoiler with all valid parameters" executed="true" success="true" time="0.01">
   </test-case>
   <test-case name="try to unmark a post as nsfw with all valid parameters" executed="true" success="true" time="0.009">
   </test-case>
   <test-case name="try to unmark the same post as spoiler again" executed="true" success="true" time="0.008">
   </test-case>
   <test-case name="try to unmark the same post as nsfw again" executed="true" success="true" time="0.007">
   </test-case>
  </results>
 </test-suite>
 <test-suite name="Testing Post endpoints" executed="true" success="true" time="0.472">
  <results>
   <test-case name="Create post with invalid subreddit name" executed="true" success="true" time="0.015">
   </test-case>
   <test-case name="Create post with a missing kind (required parameter)" executed="true" success="true" time="0.009">
   </test-case>
   <test-case name="Create post with an invalid token" executed="true" success="true" time="0.006">
   </test-case>
   <test-case name="Normally create a post with text content" executed="true" success="true" time="0.029">
   </test-case>
   <test-case name="Normally create a post in the user account" executed="true" success="true" time="0.021">
   </test-case>
   <test-case name="Share a post" executed="true" success="true" time="0.025">
   </test-case>
   <test-case name="Pin a post with invalid ID" executed="true" success="true" time="0.008">
   </test-case>
   <test-case name="Pin a post with invalid token" executed="true" success="true" time="0.011">
   </test-case>
   <test-case name="Pin a post that a user doesn&apos;t own" executed="true" success="true" time="0.012">
   </test-case>
   <test-case name="Pin a post normally" executed="true" success="true" time="0.028">
   </test-case>
   <test-case name="Get pinned posts" executed="true" success="true" time="0.036">
   </test-case>
   <test-case name="Pin a post that has already been pinned" executed="true" success="true" time="0.016">
   </test-case>
   <test-case name="Unpin a post" executed="true" success="true" time="0.025">
   </test-case>
   <test-case name="Unpin a post that has already been unpinned" executed="true" success="true" time="0.021">
   </test-case>
   <test-case name="Get post insights by an unauthorized user" executed="true" success="true" time="0.007">
   </test-case>
   <test-case name="Get post insights of a not-found post" executed="true" success="true" time="0.009">
   </test-case>
   <test-case name="Get post insights normally" executed="true" success="true" time="0.008">
   </test-case>
   <test-case name="Get post details with an optional token" executed="true" success="true" time="0.011">
   </test-case>
   <test-case name="Get post details without an optional token" executed="true" success="true" time="0.008">
   </test-case>
   <test-case name="Get post details of an invalid post id" executed="true" success="true" time="0.007">
   </test-case>
   <test-case name="Get post details without a post id" executed="true" success="true" time="0.008">
   </test-case>
  </results>
 </test-suite>
 <test-suite name="Testing sign up endpoints" executed="true" success="true" time="0.378">
  <results>
   <test-case name="try to sign up without username" executed="true" success="true" time="0.005">
   </test-case>
   <test-case name="try to sign up without email" executed="true" success="true" time="0.005">
   </test-case>
   <test-case name="try to sign up with invalid email" executed="true" success="true" time="0.007">
   </test-case>
   <test-case name="try to sign up without password" executed="true" success="true" time="0.006">
   </test-case>
   <test-case name="try to sign up with short password" executed="true" success="true" time="0.005">
   </test-case>
   <test-case name="try to sign up with all valid parameters" executed="true" success="true" time="0.15">
   </test-case>
   <test-case name="try to sign up with unavailable username" executed="true" success="true" time="0.013">
   </test-case>
   <test-case name="try to sign up with unavailable email" executed="true" success="true" time="0.01">
   </test-case>
   <test-case name="check the availability of a taken username" executed="true" success="true" time="0.009">
   </test-case>
   <test-case name="check the availability of an available username" executed="true" success="true" time="0.006">
   </test-case>
   <test-case name="check the availability of a taken email" executed="true" success="true" time="0.01">
   </test-case>
   <test-case name="check the availability of an available email" executed="true" success="true" time="0.007">
   </test-case>
   <test-case name="try to sign up with google without access token" executed="true" success="true" time="0.006">
   </test-case>
   <test-case name="try to sign up with google with valid access token" executed="true" success="true" time="0.018">
   </test-case>
   <test-case name="try to sign up with google with same access token again" executed="true" success="true" time="0.01">
   </test-case>
   <test-case name="try to verify the email with invalid token" executed="true" success="true" time="0.019">
   </test-case>
   <test-case name="try to verify the email with invalid user id" executed="true" success="true" time="0.012">
   </test-case>
   <test-case name="try to verify the email with all valid parameters" executed="true" success="true" time="0.024">
   </test-case>
   <test-case name="try to change the username of user without token" executed="true" success="true" time="0.007">
   </test-case>
   <test-case name="try to change the username without username in body" executed="true" success="true" time="0.01">
   </test-case>
   <test-case name="try to change the username with all valid parameters" executed="true" success="true" time="0.014">
   </test-case>
   <test-case name="try to change the username of a user again" executed="true" success="true" time="0.008">
   </test-case>
  </results>
 </test-suite>
 <test-suite name="Testing Subreddit Creation endpoints" executed="true" success="true" time="0.59">
  <results>
   <test-case name="Create subreddit without entering title" executed="true" success="true" time="0.006">
   </test-case>
   <test-case name="Create subreddit with a title more than 23 char" executed="true" success="true" time="0.007">
   </test-case>
   <test-case name="Create subreddit without entering type" executed="true" success="true" time="0.006">
   </test-case>
   <test-case name="Create subreddit without entering category" executed="true" success="true" time="0.008">
   </test-case>
   <test-case name="Create subreddit with an invalid category" executed="true" success="true" time="0.005">
   </test-case>
   <test-case name="Create subreddit successfully" executed="true" success="true" time="0.028">
   </test-case>
   <test-case name="Creating subreddit with the same title" executed="true" success="true" time="0.005">
   </test-case>
   <test-case name="Creating subreddit with invalid token" executed="true" success="true" time="0.008">
   </test-case>
   <test-case name="joining subreddit that you are already in" executed="true" success="true" time="0.012">
   </test-case>
   <test-case name="joining subreddit with an invalid token" executed="true" success="true" time="0.011">
   </test-case>
   <test-case name="joining subreddit that you are not in" executed="true" success="true" time="0.024">
   </test-case>
   <test-case name="Adding description while you don&apos;t have the right to do it" executed="true" success="true" time="0.009">
   </test-case>
   <test-case name="Adding description while you are moderator" executed="true" success="true" time="0.018">
   </test-case>
   <test-case name="Adding description wih invalid token" executed="true" success="true" time="0.007">
   </test-case>
   <test-case name="Adding description while you are moderator with more than 300 char" executed="true" success="true" time="0.006">
   </test-case>
   <test-case name="Adding an empty description while you are moderator" executed="true" success="true" time="0.009">
   </test-case>
   <test-case name="Adding Main Topic while you don&apos;t have the right to do it" executed="true" success="true" time="0.009">
   </test-case>
   <test-case name="Adding Main Topic while you are moderator" executed="true" success="true" time="0.027">
   </test-case>
   <test-case name="Adding Main Topic wih invalid token" executed="true" success="true" time="0.007">
   </test-case>
   <test-case name="Adding an invalid Main Topic while you are moderator" executed="true" success="true" time="0.011">
   </test-case>
   <test-case name="Adding SubTopics while you don&apos;t have the right to do it" executed="true" success="true" time="0.016">
   </test-case>
   <test-case name="Adding SubTopics while you are moderator" executed="true" success="true" time="0.022">
   </test-case>
   <test-case name="Adding an invalid subTopics while you are moderator" executed="true" success="true" time="0.017">
   </test-case>
   <test-case name="Adding SubTopics wih invalid token" executed="true" success="true" time="0.007">
   </test-case>
  </results>
 </test-suite>
 <test-suite name="Testing generate tokens" executed="true" success="true" time="0.021">
  <results>
   <test-case name="should have generateJWT method" executed="true" success="true" time="0">
   </test-case>
   <test-case name="check if generateJWT returns a valid jwt" executed="true" success="true" time="0.001">
   </test-case>
   <test-case name="try to send empty user object to generateJWT" executed="true" success="true" time="0.001">
   </test-case>
   <test-case name="should have generateVerifyToken method" executed="true" success="true" time="0">
   </test-case>
   <test-case name="check if generateVerifyToken returns a valid token with length 64" executed="true" success="true" time="0.013">
   </test-case>
  </results>
 </test-suite>
 <test-suite name="Testing Password utilities" executed="true" success="true" time="0.771">
  <results>
   <test-case name="should have hashPassword method" executed="true" success="true" time="0">
   </test-case>
   <test-case name="check if hashPassword returns a valid hashed password" executed="true" success="true" time="0.265">
   </test-case>
   <test-case name="should have comparePasswords method" executed="true" success="true" time="0">
   </test-case>
   <test-case name="check if passwords are compared correctly" executed="true" success="true" time="0.254">
   </test-case>
   <test-case name="check if function returns false if passwords don&apos;t match" executed="true" success="true" time="0.246">
   </test-case>
  </results>
 </test-suite>
 <test-suite name="Testing send emails functions" executed="true" success="true" time="0.02">
  <results>
   <test-case name="should have sendResetPasswordEmail method" executed="true" success="true" time="0">
   </test-case>
   <test-case name="try to send reset password email" executed="true" success="true" time="0.001">
   </test-case>
   <test-case name="should have sendVerifyEmail method" executed="true" success="true" time="0">
   </test-case>
   <test-case name="try to send verify email" executed="true" success="true" time="0.001">
   </test-case>
   <test-case name="should have sendUsernameEmail method" executed="true" success="true" time="0.001">
   </test-case>
   <test-case name="try to send forget username email" executed="true" success="true" time="0.001">
   </test-case>
  </results>
 </test-suite>
 <test-suite name="Testing subreddit rules utils" executed="true" success="true" time="0.005">
  <results>
   <test-case name="validateCreatingRuleBody method should exist" executed="true" success="true" time="0.001">
   </test-case>
   <test-case name="validateEditingRuleBody method should exist" executed="true" success="true" time="0">
   </test-case>
   <test-case name="Testing a body with missing required params" executed="true" success="true" time="0">
   </test-case>
   <test-case name="Testing a body with appliesTo invalid value" executed="true" success="true" time="0.001">
   </test-case>
   <test-case name="Testing a body with appliesTo valid value" executed="true" success="true" time="0">
   </test-case>
   <test-case name="Testing a body with all params" executed="true" success="true" time="0.001">
   </test-case>
   <test-case name="Testing a edit body without the rule order" executed="true" success="true" time="0">
   </test-case>
   <test-case name="Testing a edit body with the rule order" executed="true" success="true" time="0">
   </test-case>
  </results>
 </test-suite>
 <test-suite name="Testing verifying a user is logged in" executed="true" success="true" time="0.007">
  <results>
   <test-case name="should have verifyUser method" executed="true" success="true" time="0.001">
   </test-case>
   <test-case name="check if verifyUser verifies a valid jwt" executed="true" success="true" time="0.001">
   </test-case>
   <test-case name="Send an invalid token to verifyUser" executed="true" success="true" time="0.001">
   </test-case>
  </results>
 </test-suite>
</test-results>